Using pre-set license
Built from '2020.3/staging' branch; Version is '2020.3.18f1 (a7d1c678663c) revision 10998214'; Using compiler version '192528614'; Build Type 'Release'
OS: 'Windows 10 Education; OS build 18363.1801; Version 1909; 64bit' Language: 'tr' Physical Memory: 8084 MB
BatchMode: 1, IsHumanControllingUs: 0, StartBugReporterOnCrash: 0, Is64bit: 1, IsPro: 0

COMMAND LINE ARGUMENTS:
C:\Program Files\Unity\Hub\Editor\2020.3.18f1\Editor\Unity.exe
-adb2
-batchMode
-noUpm
-name
AssetImportWorker0
-projectPath
E:/Github/Demo_OfficePusher/Demo_Office
-logFile
Logs/AssetImportWorker0.log
-srvPort
14196
Successfully changed project path to: E:/Github/Demo_OfficePusher/Demo_Office
E:/Github/Demo_OfficePusher/Demo_Office
Using Asset Import Pipeline V2.
Refreshing native plugins compatible for Editor in 47.20 ms, found 2 plugins.
Preloading 0 native plugins for Editor in 0.00 ms.
Initialize engine version: 2020.3.18f1 (a7d1c678663c)
[Subsystems] Discovering subsystems at path C:/Program Files/Unity/Hub/Editor/2020.3.18f1/Editor/Data/Resources/UnitySubsystems
[Subsystems] Discovering subsystems at path E:/Github/Demo_OfficePusher/Demo_Office/Assets
GfxDevice: creating device client; threaded=0
Direct3D:
    Version:  Direct3D 11.0 [level 11.0]
    Renderer: NVIDIA GeForce GTX 950M (ID=0x139a)
    Vendor:   
    VRAM:     2010 MB
    Driver:   26.21.14.4587
Initialize mono
Mono path[0] = 'C:/Program Files/Unity/Hub/Editor/2020.3.18f1/Editor/Data/Managed'
Mono path[1] = 'C:/Program Files/Unity/Hub/Editor/2020.3.18f1/Editor/Data/MonoBleedingEdge/lib/mono/unityjit'
Mono config path = 'C:/Program Files/Unity/Hub/Editor/2020.3.18f1/Editor/Data/MonoBleedingEdge/etc'
Using monoOptions --debugger-agent=transport=dt_socket,embedding=1,server=y,suspend=n,address=127.0.0.1:56156
Begin MonoManager ReloadAssembly
Registering precompiled unity dll's ...
Register platform support module: C:/Program Files/Unity/Hub/Editor/2020.3.18f1/Editor/Data/PlaybackEngines/WebGLSupport/UnityEditor.WebGL.Extensions.dll
Register platform support module: C:/Program Files/Unity/Hub/Editor/2020.3.18f1/Editor/Data/PlaybackEngines/WindowsStandaloneSupport/UnityEditor.WindowsStandalone.Extensions.dll
Registered in 0.002388 seconds.
Native extension for WindowsStandalone target not found
Native extension for WebGL target not found
Refreshing native plugins compatible for Editor in 48.12 ms, found 2 plugins.
Preloading 0 native plugins for Editor in 0.00 ms.
Mono: successfully reloaded assembly
- Completed reload, in  2.516 seconds
Domain Reload Profiling:
	ReloadAssembly (2516ms)
		BeginReloadAssembly (91ms)
			ExecutionOrderSort (0ms)
			DisableScriptedObjects (0ms)
			BackupInstance (0ms)
			ReleaseScriptingObjects (0ms)
			CreateAndSetChildDomain (2ms)
		EndReloadAssembly (655ms)
			LoadAssemblies (87ms)
			RebuildTransferFunctionScriptingTraits (0ms)
			SetupTypeCache (241ms)
			ReleaseScriptCaches (0ms)
			RebuildScriptCaches (52ms)
			SetupLoadedEditorAssemblies (242ms)
				LogAssemblyErrors (0ms)
				InitializePlatformSupportModulesInManaged (6ms)
				SetLoadedEditorAssemblies (0ms)
				RefreshPlugins (48ms)
				BeforeProcessingInitializeOnLoad (19ms)
				ProcessInitializeOnLoadAttributes (123ms)
				ProcessInitializeOnLoadMethodAttributes (45ms)
				AfterProcessingInitializeOnLoad (0ms)
				EditorAssembliesLoaded (0ms)
			ExecutionOrderSort2 (0ms)
			AwakeInstancesAfterBackupRestoration (0ms)
Platform modules already initialized, skipping
Registering precompiled user dll's ...
Registered in 0.003373 seconds.
Begin MonoManager ReloadAssembly
Native extension for WindowsStandalone target not found
Native extension for WebGL target not found
Refreshing native plugins compatible for Editor in 0.50 ms, found 2 plugins.
Preloading 0 native plugins for Editor in 0.00 ms.
Mono: successfully reloaded assembly
- Completed reload, in  1.724 seconds
Domain Reload Profiling:
	ReloadAssembly (1726ms)
		BeginReloadAssembly (225ms)
			ExecutionOrderSort (0ms)
			DisableScriptedObjects (8ms)
			BackupInstance (0ms)
			ReleaseScriptingObjects (0ms)
			CreateAndSetChildDomain (31ms)
		EndReloadAssembly (1407ms)
			LoadAssemblies (125ms)
			RebuildTransferFunctionScriptingTraits (0ms)
			SetupTypeCache (458ms)
			ReleaseScriptCaches (0ms)
			RebuildScriptCaches (62ms)
			SetupLoadedEditorAssemblies (567ms)
				LogAssemblyErrors (0ms)
				InitializePlatformSupportModulesInManaged (8ms)
				SetLoadedEditorAssemblies (1ms)
				RefreshPlugins (1ms)
				BeforeProcessingInitializeOnLoad (141ms)
				ProcessInitializeOnLoadAttributes (401ms)
				ProcessInitializeOnLoadMethodAttributes (5ms)
				AfterProcessingInitializeOnLoad (9ms)
				EditorAssembliesLoaded (0ms)
			ExecutionOrderSort2 (0ms)
			AwakeInstancesAfterBackupRestoration (9ms)
Platform modules already initialized, skipping
========================================================================
Worker process is ready to serve import requests
Launched and connected shader compiler UnityShaderCompiler.exe after 0.34 seconds
Refreshing native plugins compatible for Editor in 0.86 ms, found 2 plugins.
Preloading 0 native plugins for Editor in 0.00 ms.
Unloading 1417 Unused Serialized files (Serialized files now loaded: 0)
System memory in use before: 66.5 MB.
System memory in use after: 66.6 MB.

Unloading 16 unused Assets to reduce memory usage. Loaded Objects now: 1853.
Total: 4.061400 ms (FindLiveObjects: 0.157100 ms CreateObjectMapping: 0.045300 ms MarkObjects: 3.652700 ms  DeleteObjects: 0.204600 ms)

AssetImportParameters requested are different than current active one (requested -> active):
  custom:framework-win-MediaFoundation: 216162199b28c13a410421893ffa2e32 -> 
  custom:video-decoder-ogg-theora: a1e56fd34408186e4bbccfd4996cb3dc -> 
  custom:container-muxer-webm: aa71ff27fc2769a1b78a27578f13a17b -> 
  custom:container-demuxer-webm: 4f35f7cbe854078d1ac9338744f61a02 -> 
  custom:container-demuxer-ogg: 62fdf1f143b41e24485cea50d1cbac27 -> 
  custom:video-encoder-webm-vp8: eb34c28f22e8b96e1ab97ce403110664 -> 
  custom:video-codec-MediaFoundation-h265: 746d11721c4dcdbdad8f713fa42b33f4 -> 
  custom:video-decoder-webm-vp8: 9c59270c3fd7afecdb556c50c9e8de78 -> 
  custom:audio-decoder-ogg-vorbis: bf7c407c2cedff20999df2af8eb42d56 -> 
  custom:audio-encoder-webm-vorbis: bf7c407c2cedff20999df2af8eb42d56 -> 
========================================================================
Received Import Request.
  path: Assets/Asset Packs/Ch29_nonPBR@Sitting.fbm
  artifactKey: Guid(182124f44a472d04194b9c3b52a5faa1) Importer(815301076,1909f56bfc062723c751e8b465ee728b)
Start importing Assets/Asset Packs/Ch29_nonPBR@Sitting.fbm using Guid(182124f44a472d04194b9c3b52a5faa1) Importer(815301076,1909f56bfc062723c751e8b465ee728b)  -> (artifact id: '190ce2bce2b27c4f759a388728243d97') in 0.023053 seconds 
  Import took 0.027090 seconds .

========================================================================
Received Import Request.
  Time since last request: 0.000394 seconds.
  path: Assets/Asset Packs/jasper@Sitting.fbm
  artifactKey: Guid(e4f9912c112b2e74997d0a99153ce504) Importer(815301076,1909f56bfc062723c751e8b465ee728b)
Start importing Assets/Asset Packs/jasper@Sitting.fbm using Guid(e4f9912c112b2e74997d0a99153ce504) Importer(815301076,1909f56bfc062723c751e8b465ee728b)  -> (artifact id: 'dc3c7ba27d93eaf1c326bebff7aa7bce') in 0.018545 seconds 
  Import took 0.022821 seconds .

========================================================================
Received Import Request.
  Time since last request: 0.000465 seconds.
  path: Assets/Asset Packs
  artifactKey: Guid(e57289893b5a8954b90cafd3a6049cd6) Importer(815301076,1909f56bfc062723c751e8b465ee728b)
Start importing Assets/Asset Packs using Guid(e57289893b5a8954b90cafd3a6049cd6) Importer(815301076,1909f56bfc062723c751e8b465ee728b)  -> (artifact id: '74d3a1bf7ca4f7118bcb0f67920d64a6') in 0.053478 seconds 
  Import took 0.057286 seconds .

========================================================================
Received Import Request.
  Time since last request: 17.616146 seconds.
  path: Assets/Asset Packs/Ch20_nonPBR@Standing Idle.fbm
  artifactKey: Guid(69712a0b05d979d479c033a59791ada4) Importer(815301076,1909f56bfc062723c751e8b465ee728b)
Start importing Assets/Asset Packs/Ch20_nonPBR@Standing Idle.fbm using Guid(69712a0b05d979d479c033a59791ada4) Importer(815301076,1909f56bfc062723c751e8b465ee728b)  -> (artifact id: '6cb9023b48c2d846ec661d5b1903cf82') in 0.031549 seconds 
  Import took 0.035719 seconds .

========================================================================
Received Import Request.
  Time since last request: 6.125815 seconds.
  path: Assets/Asset Packs/Ch20_nonPBR@Standing Idle.fbm/Ch20_1001_Diffuse.png
  artifactKey: Guid(29c159c176d54f941889bd420966bf0c) Importer(815301076,1909f56bfc062723c751e8b465ee728b)
Start importing Assets/Asset Packs/Ch20_nonPBR@Standing Idle.fbm/Ch20_1001_Diffuse.png using Guid(29c159c176d54f941889bd420966bf0c) Importer(815301076,1909f56bfc062723c751e8b465ee728b)  -> (artifact id: 'e901e725deeca96cafa81f595773217c') in 0.744670 seconds 
  Import took 0.749762 seconds .

========================================================================
Received Import Request.
  Time since last request: 0.000801 seconds.
  path: Assets/Asset Packs/Ch20_nonPBR@Standing Idle.fbm/Ch20_1001_Specular.png
  artifactKey: Guid(3022467363a4622498967e313eedfcf0) Importer(815301076,1909f56bfc062723c751e8b465ee728b)
Start importing Assets/Asset Packs/Ch20_nonPBR@Standing Idle.fbm/Ch20_1001_Specular.png using Guid(3022467363a4622498967e313eedfcf0) Importer(815301076,1909f56bfc062723c751e8b465ee728b)  -> (artifact id: '7b8170b2ea10f5a37db3e2c4d5e4f60a') in 0.030562 seconds 
  Import took 0.035341 seconds .

========================================================================
Received Import Request.
  Time since last request: 0.000530 seconds.
  path: Assets/Asset Packs/Ch20_nonPBR@Standing Idle.fbm/Ch20_1001_Normal.png
  artifactKey: Guid(8ebcee9580c60cd4f8431a816cbbd8d5) Importer(815301076,1909f56bfc062723c751e8b465ee728b)
Start importing Assets/Asset Packs/Ch20_nonPBR@Standing Idle.fbm/Ch20_1001_Normal.png using Guid(8ebcee9580c60cd4f8431a816cbbd8d5) Importer(815301076,1909f56bfc062723c751e8b465ee728b)  -> (artifact id: 'feac5859abac4973dd1107e85489de59') in 0.116923 seconds 
  Import took 0.119890 seconds .

========================================================================
Received Import Request.
  Time since last request: 0.000368 seconds.
  path: Assets/Asset Packs/Ch20_nonPBR@Standing Idle.fbm/Ch20_1001_Glossiness.png
  artifactKey: Guid(0eeb29be39098ee49a3d53345cadeed2) Importer(815301076,1909f56bfc062723c751e8b465ee728b)
Start importing Assets/Asset Packs/Ch20_nonPBR@Standing Idle.fbm/Ch20_1001_Glossiness.png using Guid(0eeb29be39098ee49a3d53345cadeed2) Importer(815301076,1909f56bfc062723c751e8b465ee728b)  -> (artifact id: '2aad2b0e0a33102a99d38921210d90f7') in 0.020070 seconds 
  Import took 0.025028 seconds .

========================================================================
Received Import Request.
  Time since last request: 38.043045 seconds.
  path: Assets/Asset Packs/Ch29_nonPBR@Sitting.fbm/Ch29_1001_Diffuse.png
  artifactKey: Guid(643c30a27d2b7fd4ea54d0269130037b) Importer(815301076,1909f56bfc062723c751e8b465ee728b)
Start importing Assets/Asset Packs/Ch29_nonPBR@Sitting.fbm/Ch29_1001_Diffuse.png using Guid(643c30a27d2b7fd4ea54d0269130037b) Importer(815301076,1909f56bfc062723c751e8b465ee728b)  -> (artifact id: '0b93c7ea04702af5e2e9e4de29e64477') in 0.032856 seconds 
  Import took 0.036759 seconds .

========================================================================
Received Import Request.
  Time since last request: 0.000399 seconds.
  path: Assets/Asset Packs/Ch29_nonPBR@Sitting.fbm/Ch29_1001_Normal.png
  artifactKey: Guid(9d9847eb67427c04887dd69e9ece17db) Importer(815301076,1909f56bfc062723c751e8b465ee728b)
Start importing Assets/Asset Packs/Ch29_nonPBR@Sitting.fbm/Ch29_1001_Normal.png using Guid(9d9847eb67427c04887dd69e9ece17db) Importer(815301076,1909f56bfc062723c751e8b465ee728b)  -> (artifact id: '182daacf6cfda5b6936fb29096c1214f') in 0.022350 seconds 
  Import took 0.043827 seconds .

========================================================================
Received Import Request.
  Time since last request: 0.000301 seconds.
  path: Assets/Asset Packs/Ch29_nonPBR@Sitting.fbm/Ch29_1001_Specular.png
  artifactKey: Guid(826a37f9b466a19439889dcbcd194987) Importer(815301076,1909f56bfc062723c751e8b465ee728b)
Start importing Assets/Asset Packs/Ch29_nonPBR@Sitting.fbm/Ch29_1001_Specular.png using Guid(826a37f9b466a19439889dcbcd194987) Importer(815301076,1909f56bfc062723c751e8b465ee728b)  -> (artifact id: 'a9b47dc94b94916734f8990893250ec0') in 0.093888 seconds 
  Import took 0.102917 seconds .

========================================================================
Received Import Request.
  Time since last request: 0.000385 seconds.
  path: Assets/Asset Packs/Ch29_nonPBR@Sitting.fbm/Ch29_1001_Glossiness.png
  artifactKey: Guid(9b869d80ed1064b4ca941e9c72e8743a) Importer(815301076,1909f56bfc062723c751e8b465ee728b)
Start importing Assets/Asset Packs/Ch29_nonPBR@Sitting.fbm/Ch29_1001_Glossiness.png using Guid(9b869d80ed1064b4ca941e9c72e8743a) Importer(815301076,1909f56bfc062723c751e8b465ee728b)  -> (artifact id: '1b6dc68988c3d5e8c895299631767140') in 0.112746 seconds 
  Import took 0.115495 seconds .

========================================================================
Received Import Request.
  Time since last request: 34.165942 seconds.
  path: Assets/Prefabs
  artifactKey: Guid(4a52209bd49cb5b48a193f80dd209ad7) Importer(815301076,1909f56bfc062723c751e8b465ee728b)
Start importing Assets/Prefabs using Guid(4a52209bd49cb5b48a193f80dd209ad7) Importer(815301076,1909f56bfc062723c751e8b465ee728b)  -> (artifact id: 'a43632a0b1531504ee36eb77b7167bfd') in 0.010233 seconds 
  Import took 0.013690 seconds .

========================================================================
Received Import Request.
  Time since last request: 0.332143 seconds.
  path: Assets/Prefabs/Cake.prefab
  artifactKey: Guid(ebe12d2216e232c499e5c42f10b761d9) Importer(815301076,1909f56bfc062723c751e8b465ee728b)
Start importing Assets/Prefabs/Cake.prefab using Guid(ebe12d2216e232c499e5c42f10b761d9) Importer(815301076,1909f56bfc062723c751e8b465ee728b)  -> (artifact id: '8119816a1f673d84c0fc93be03cdccc0') in 0.271528 seconds 
  Import took 0.274920 seconds .

========================================================================
Received Import Request.
  Time since last request: 0.000303 seconds.
  path: Assets/Prefabs/Ch29_nonPBR@Sitting (1).prefab
  artifactKey: Guid(4514d6d01b698ae46b93ee3c14e654ee) Importer(815301076,1909f56bfc062723c751e8b465ee728b)
Start importing Assets/Prefabs/Ch29_nonPBR@Sitting (1).prefab using Guid(4514d6d01b698ae46b93ee3c14e654ee) Importer(815301076,1909f56bfc062723c751e8b465ee728b)  -> (artifact id: 'c81b27970d1fc38770565177dae26bad') in 0.350219 seconds 
  Import took 0.354249 seconds .

========================================================================
Received Import Request.
  Time since last request: 0.000294 seconds.
  path: Assets/Prefabs/Enemy.prefab
  artifactKey: Guid(cfe683f49b5f1bc4ab22bd9cb0f713a4) Importer(815301076,1909f56bfc062723c751e8b465ee728b)
Start importing Assets/Prefabs/Enemy.prefab using Guid(cfe683f49b5f1bc4ab22bd9cb0f713a4) Importer(815301076,1909f56bfc062723c751e8b465ee728b)  -> (artifact id: '5b2f3baaa68c078f62d6da18808cadf1') in 0.037660 seconds 
  Import took 0.042597 seconds .

========================================================================
Received Import Request.
  Time since last request: 0.000393 seconds.
  path: Assets/Prefabs/chair_f.prefab
  artifactKey: Guid(fcdfdafa342236b4a8ebdb30610bab97) Importer(815301076,1909f56bfc062723c751e8b465ee728b)
Start importing Assets/Prefabs/chair_f.prefab using Guid(fcdfdafa342236b4a8ebdb30610bab97) Importer(815301076,1909f56bfc062723c751e8b465ee728b)  -> (artifact id: 'a35378d492fcec2457bb84d967c59d1c') in 0.021319 seconds 
  Import took 0.025098 seconds .

========================================================================
Received Import Request.
  Time since last request: 0.000229 seconds.
  path: Assets/Prefabs/Ch29_nonPBR@Sitting.fbx
  artifactKey: Guid(fb77aa589029eb848bf52dab1aaa6958) Importer(815301076,1909f56bfc062723c751e8b465ee728b)
Start importing Assets/Prefabs/Ch29_nonPBR@Sitting.fbx using Guid(fb77aa589029eb848bf52dab1aaa6958) Importer(815301076,1909f56bfc062723c751e8b465ee728b)  -> (artifact id: '71b2d3c972839807bf6b0bd911299ceb') in 0.353462 seconds 
  Import took 0.383617 seconds .

========================================================================
Received Import Request.
  Time since last request: 0.000239 seconds.
  path: Assets/Prefabs/chair_f.FBX
  artifactKey: Guid(f7b18e0045a8ca84bbf8783a39d21852) Importer(815301076,1909f56bfc062723c751e8b465ee728b)
Start importing Assets/Prefabs/chair_f.FBX using Guid(f7b18e0045a8ca84bbf8783a39d21852) Importer(815301076,1909f56bfc062723c751e8b465ee728b)  -> (artifact id: '14f8a0c8a6a6737c16a0d7f3b452829a') in 0.023316 seconds 
  Import took 0.027605 seconds .

========================================================================
Received Import Request.
  Time since last request: 0.000319 seconds.
  path: Assets/Prefabs/Ch20_nonPBR@Standing Idle.fbx
  artifactKey: Guid(9500b13e07a742c4386c8dd8ea2dce89) Importer(815301076,1909f56bfc062723c751e8b465ee728b)
Start importing Assets/Prefabs/Ch20_nonPBR@Standing Idle.fbx using Guid(9500b13e07a742c4386c8dd8ea2dce89) Importer(815301076,1909f56bfc062723c751e8b465ee728b)  -> (artifact id: '8a213263b66d4bfe22960b19969904a8') in 0.360077 seconds 
  Import took 0.363967 seconds .

========================================================================
Received Import Request.
  Time since last request: 0.000393 seconds.
  path: Assets/Prefabs/Ch29_nonPBR@Sitting.prefab
  artifactKey: Guid(999752aac6acc6b4f9feb3a0ed862599) Importer(815301076,1909f56bfc062723c751e8b465ee728b)
Start importing Assets/Prefabs/Ch29_nonPBR@Sitting.prefab using Guid(999752aac6acc6b4f9feb3a0ed862599) Importer(815301076,1909f56bfc062723c751e8b465ee728b)  -> (artifact id: 'cff6d4660e256eab42af1c0a33197c3f') in 0.029751 seconds 
  Import took 0.066818 seconds .

========================================================================
Received Import Request.
  Time since last request: 0.000485 seconds.
  path: Assets/Prefabs/Ch20_nonPBR@Standing Idle.fbx
  artifactKey: Guid(9500b13e07a742c4386c8dd8ea2dce89) Importer(815301076,1909f56bfc062723c751e8b465ee728b)
Start importing Assets/Prefabs/Ch20_nonPBR@Standing Idle.fbx using Guid(9500b13e07a742c4386c8dd8ea2dce89) Importer(815301076,1909f56bfc062723c751e8b465ee728b)  -> (artifact id: '8a213263b66d4bfe22960b19969904a8') in 0.043294 seconds 
  Import took 0.046898 seconds .

========================================================================
Received Import Request.
  Time since last request: 1.563791 seconds.
  path: Assets/Prefabs/Ch20_nonPBR@Standing Idle.fbm
  artifactKey: Guid(ac00ac238cfbbb9449f946827f83a602) Importer(815301076,1909f56bfc062723c751e8b465ee728b)
Start importing Assets/Prefabs/Ch20_nonPBR@Standing Idle.fbm using Guid(ac00ac238cfbbb9449f946827f83a602) Importer(815301076,1909f56bfc062723c751e8b465ee728b)  -> (artifact id: '4cc1848c471eff2741bd513dd99db930') in 0.003808 seconds 
  Import took 0.007052 seconds .

========================================================================
Received Import Request.
  Time since last request: 0.064159 seconds.
  path: Assets/Prefabs/Ch20_nonPBR@Standing Idle.fbm/Ch20_1001_Diffuse.png
  artifactKey: Guid(fee2dc3327bd34147a89fa9fb02680dd) Importer(815301076,1909f56bfc062723c751e8b465ee728b)
Start importing Assets/Prefabs/Ch20_nonPBR@Standing Idle.fbm/Ch20_1001_Diffuse.png using Guid(fee2dc3327bd34147a89fa9fb02680dd) Importer(815301076,1909f56bfc062723c751e8b465ee728b)  -> (artifact id: 'af368e2cad7448e868028117fd34d48b') in 0.014793 seconds 
  Import took 0.018584 seconds .

========================================================================
Received Import Request.
  Time since last request: 0.000312 seconds.
  path: Assets/Prefabs/Ch20_nonPBR@Standing Idle.fbm/Ch20_1001_Specular.png
  artifactKey: Guid(3d8f90c4068115247a822045a5742f06) Importer(815301076,1909f56bfc062723c751e8b465ee728b)
Start importing Assets/Prefabs/Ch20_nonPBR@Standing Idle.fbm/Ch20_1001_Specular.png using Guid(3d8f90c4068115247a822045a5742f06) Importer(815301076,1909f56bfc062723c751e8b465ee728b)  -> (artifact id: '3e877a1dcd0ccfc737dc6a7ae58edf98') in 0.011120 seconds 
  Import took 0.014766 seconds .

========================================================================
Received Import Request.
  Time since last request: 0.000309 seconds.
  path: Assets/Prefabs/Ch20_nonPBR@Standing Idle.fbm/Ch20_1001_Glossiness.png
  artifactKey: Guid(b7ab9006af7e4ad4b9472babb5e12486) Importer(815301076,1909f56bfc062723c751e8b465ee728b)
Start importing Assets/Prefabs/Ch20_nonPBR@Standing Idle.fbm/Ch20_1001_Glossiness.png using Guid(b7ab9006af7e4ad4b9472babb5e12486) Importer(815301076,1909f56bfc062723c751e8b465ee728b)  -> (artifact id: 'a84ab0ec18edf9942436e186d4a89c0c') in 0.017245 seconds 
  Import took 0.039603 seconds .

========================================================================
Received Import Request.
  Time since last request: 0.000296 seconds.
  path: Assets/Prefabs/Ch20_nonPBR@Standing Idle.fbm/Ch20_1001_Normal.png
  artifactKey: Guid(4f152ef8770c7584582d268d9beba7b6) Importer(815301076,1909f56bfc062723c751e8b465ee728b)
Start importing Assets/Prefabs/Ch20_nonPBR@Standing Idle.fbm/Ch20_1001_Normal.png using Guid(4f152ef8770c7584582d268d9beba7b6) Importer(815301076,1909f56bfc062723c751e8b465ee728b)  -> (artifact id: '069914bafcb2ad186dca4c0380c93559') in 0.084559 seconds 
  Import took 0.087639 seconds .

========================================================================
Received Import Request.
  Time since last request: 33.564351 seconds.
  path: Assets/Prefabs/Ch20_nonPBR@Standing Idle.fbx
  artifactKey: Guid(9500b13e07a742c4386c8dd8ea2dce89) Importer(815301076,1909f56bfc062723c751e8b465ee728b)
Start importing Assets/Prefabs/Ch20_nonPBR@Standing Idle.fbx using Guid(9500b13e07a742c4386c8dd8ea2dce89) Importer(815301076,1909f56bfc062723c751e8b465ee728b)  -> (artifact id: '6cedfb9d0355144091ee8fdbc1f75b69') in 3.862097 seconds 
  Import took 3.866287 seconds .

========================================================================
Received Import Request.
  Time since last request: 4.139642 seconds.
  path: Assets/Prefabs/Ch20_nonPBR@Standing Idle.fbx
  artifactKey: Guid(9500b13e07a742c4386c8dd8ea2dce89) Importer(815301076,1909f56bfc062723c751e8b465ee728b)
Start importing Assets/Prefabs/Ch20_nonPBR@Standing Idle.fbx using Guid(9500b13e07a742c4386c8dd8ea2dce89) Importer(815301076,1909f56bfc062723c751e8b465ee728b)  -> (artifact id: 'c3b8f0adcc9554238dffb857ad39dca3') in 0.073209 seconds 
  Import took 0.117767 seconds .

========================================================================
Received Prepare
Registering precompiled user dll's ...
Registered in 0.001958 seconds.
Begin MonoManager ReloadAssembly
Native extension for WindowsStandalone target not found
Native extension for WebGL target not found
Refreshing native plugins compatible for Editor in 0.60 ms, found 2 plugins.
Preloading 0 native plugins for Editor in 0.00 ms.
Mono: successfully reloaded assembly
- Completed reload, in  1.383 seconds
Domain Reload Profiling:
	ReloadAssembly (1384ms)
		BeginReloadAssembly (152ms)
			ExecutionOrderSort (0ms)
			DisableScriptedObjects (5ms)
			BackupInstance (0ms)
			ReleaseScriptingObjects (0ms)
			CreateAndSetChildDomain (40ms)
		EndReloadAssembly (1148ms)
			LoadAssemblies (134ms)
			RebuildTransferFunctionScriptingTraits (0ms)
			SetupTypeCache (402ms)
			ReleaseScriptCaches (1ms)
			RebuildScriptCaches (50ms)
			SetupLoadedEditorAssemblies (458ms)
				LogAssemblyErrors (0ms)
				InitializePlatformSupportModulesInManaged (9ms)
				SetLoadedEditorAssemblies (1ms)
				RefreshPlugins (1ms)
				BeforeProcessingInitializeOnLoad (90ms)
				ProcessInitializeOnLoadAttributes (345ms)
				ProcessInitializeOnLoadMethodAttributes (4ms)
				AfterProcessingInitializeOnLoad (8ms)
				EditorAssembliesLoaded (0ms)
			ExecutionOrderSort2 (0ms)
			AwakeInstancesAfterBackupRestoration (8ms)
Platform modules already initialized, skipping
Refreshing native plugins compatible for Editor in 0.40 ms, found 2 plugins.
Preloading 0 native plugins for Editor in 0.00 ms.
Unloading 1411 Unused Serialized files (Serialized files now loaded: 0)
System memory in use before: 83.6 MB.
System memory in use after: 83.7 MB.

Unloading 12 unused Assets to reduce memory usage. Loaded Objects now: 1903.
Total: 3.578700 ms (FindLiveObjects: 0.243900 ms CreateObjectMapping: 0.049700 ms MarkObjects: 3.240200 ms  DeleteObjects: 0.043600 ms)

AssetImportParameters requested are different than current active one (requested -> active):
  custom:framework-win-MediaFoundation: 216162199b28c13a410421893ffa2e32 -> 
  custom:video-decoder-ogg-theora: a1e56fd34408186e4bbccfd4996cb3dc -> 
  custom:container-muxer-webm: aa71ff27fc2769a1b78a27578f13a17b -> 
  custom:container-demuxer-webm: 4f35f7cbe854078d1ac9338744f61a02 -> 
  custom:container-demuxer-ogg: 62fdf1f143b41e24485cea50d1cbac27 -> 
  custom:video-encoder-webm-vp8: eb34c28f22e8b96e1ab97ce403110664 -> 
  custom:video-codec-MediaFoundation-h265: 746d11721c4dcdbdad8f713fa42b33f4 -> 
  custom:video-decoder-webm-vp8: 9c59270c3fd7afecdb556c50c9e8de78 -> 
  custom:audio-decoder-ogg-vorbis: bf7c407c2cedff20999df2af8eb42d56 -> 
  custom:audio-encoder-webm-vorbis: bf7c407c2cedff20999df2af8eb42d56 -> 
========================================================================
Received Prepare
Registering precompiled user dll's ...
Registered in 0.002602 seconds.
Begin MonoManager ReloadAssembly
Native extension for WindowsStandalone target not found
Native extension for WebGL target not found
Refreshing native plugins compatible for Editor in 0.44 ms, found 2 plugins.
Preloading 0 native plugins for Editor in 0.00 ms.
Mono: successfully reloaded assembly
- Completed reload, in  1.471 seconds
Domain Reload Profiling:
	ReloadAssembly (1472ms)
		BeginReloadAssembly (142ms)
			ExecutionOrderSort (0ms)
			DisableScriptedObjects (7ms)
			BackupInstance (0ms)
			ReleaseScriptingObjects (0ms)
			CreateAndSetChildDomain (46ms)
		EndReloadAssembly (1247ms)
			LoadAssemblies (112ms)
			RebuildTransferFunctionScriptingTraits (0ms)
			SetupTypeCache (355ms)
			ReleaseScriptCaches (1ms)
			RebuildScriptCaches (54ms)
			SetupLoadedEditorAssemblies (583ms)
				LogAssemblyErrors (0ms)
				InitializePlatformSupportModulesInManaged (7ms)
				SetLoadedEditorAssemblies (0ms)
				RefreshPlugins (0ms)
				BeforeProcessingInitializeOnLoad (122ms)
				ProcessInitializeOnLoadAttributes (429ms)
				ProcessInitializeOnLoadMethodAttributes (7ms)
				AfterProcessingInitializeOnLoad (16ms)
				EditorAssembliesLoaded (0ms)
			ExecutionOrderSort2 (0ms)
			AwakeInstancesAfterBackupRestoration (17ms)
Platform modules already initialized, skipping
Refreshing native plugins compatible for Editor in 0.60 ms, found 2 plugins.
Preloading 0 native plugins for Editor in 0.00 ms.
Unloading 1411 Unused Serialized files (Serialized files now loaded: 0)
System memory in use before: 83.6 MB.
System memory in use after: 83.7 MB.

Unloading 11 unused Assets to reduce memory usage. Loaded Objects now: 1905.
Total: 4.748800 ms (FindLiveObjects: 0.417400 ms CreateObjectMapping: 0.149800 ms MarkObjects: 4.160900 ms  DeleteObjects: 0.019400 ms)

AssetImportParameters requested are different than current active one (requested -> active):
  custom:framework-win-MediaFoundation: 216162199b28c13a410421893ffa2e32 -> 
  custom:video-decoder-ogg-theora: a1e56fd34408186e4bbccfd4996cb3dc -> 
  custom:container-muxer-webm: aa71ff27fc2769a1b78a27578f13a17b -> 
  custom:container-demuxer-webm: 4f35f7cbe854078d1ac9338744f61a02 -> 
  custom:container-demuxer-ogg: 62fdf1f143b41e24485cea50d1cbac27 -> 
  custom:video-encoder-webm-vp8: eb34c28f22e8b96e1ab97ce403110664 -> 
  custom:video-codec-MediaFoundation-h265: 746d11721c4dcdbdad8f713fa42b33f4 -> 
  custom:video-decoder-webm-vp8: 9c59270c3fd7afecdb556c50c9e8de78 -> 
  custom:audio-decoder-ogg-vorbis: bf7c407c2cedff20999df2af8eb42d56 -> 
  custom:audio-encoder-webm-vorbis: bf7c407c2cedff20999df2af8eb42d56 -> 
AssetImportWorkerClient::OnTransportError - code=2 error=End of file
